<?xml version="1.0" encoding="UTF-8"?>
<testng-results ignored="0" total="1" passed="1" failed="0" skipped="0">
  <reporter-output>
  </reporter-output>
  <suite started-at="2024-10-06T14:11:19 IST" name="Default suite" finished-at="2024-10-06T14:11:35 IST" duration-ms="16159">
    <groups>
      <group name="cucumber">
        <method signature="AbstractTestNGCucumberTests.runScenario(io.cucumber.testng.PickleWrapper,io.cucumber.testng.FeatureWrapper)[pri:0, instance:TestRunner.GreenKartAddToCartRunner@1e66f1f5]" name="runScenario" class="io.cucumber.testng.AbstractTestNGCucumberTests"/>
      </group> <!-- cucumber -->
    </groups>
    <test started-at="2024-10-06T14:11:19 IST" name="Default test" finished-at="2024-10-06T14:11:35 IST" duration-ms="16159">
      <class name="TestRunner.GreenKartAddToCartRunner">
        <test-method is-config="true" signature="setUpClass(org.testng.ITestContext)[pri:0, instance:TestRunner.GreenKartAddToCartRunner@1e66f1f5]" started-at="2024-10-06T14:11:19 IST" name="setUpClass" finished-at="2024-10-06T14:11:19 IST" duration-ms="515" status="PASS">
          <params>
            <param index="0">
              <value>
                <![CDATA[org.testng.TestRunner@4cdba2ed]]>
              </value>
            </param>
          </params>
          <reporter-output>
          </reporter-output>
        </test-method> <!-- setUpClass -->
        <test-method signature="runScenario(io.cucumber.testng.PickleWrapper,io.cucumber.testng.FeatureWrapper)[pri:0, instance:TestRunner.GreenKartAddToCartRunner@1e66f1f5]" started-at="2024-10-06T14:11:19 IST" name="runScenario" description="Runs Cucumber Scenarios" data-provider="scenarios" finished-at="2024-10-06T14:11:34 IST" duration-ms="14567" status="PASS">
          <params>
            <param index="0">
              <value>
                <![CDATA["User view the greenkart page and place the searched order"]]>
              </value>
            </param>
            <param index="1">
              <value>
                <![CDATA["Search and place the order"]]>
              </value>
            </param>
          </params>
          <reporter-output>
          </reporter-output>
        </test-method> <!-- runScenario -->
        <test-method is-config="true" signature="tearDownClass()[pri:0, instance:TestRunner.GreenKartAddToCartRunner@1e66f1f5]" started-at="2024-10-06T14:11:34 IST" name="tearDownClass" finished-at="2024-10-06T14:11:35 IST" duration-ms="1029" status="PASS">
          <reporter-output>
          </reporter-output>
        </test-method> <!-- tearDownClass -->
      </class> <!-- TestRunner.GreenKartAddToCartRunner -->
    </test> <!-- Default test -->
  </suite> <!-- Default suite -->
</testng-results>
